<?xml version="1.0" encoding="UTF-8"?>
<!-- Generated by org.testng.reporters.JUnitXMLReporter -->
<testsuite ignored="0" hostname="BDC7-DX-DM2JH92" failures="0" tests="3" name="Default test" time="28.279" errors="0" timestamp="20 May 2018 04:41:20 GMT">
  <testcase classname="com.tests.NewTest" name="testMercuryToursWelcome" time="8.318"/>
  <testcase classname="com.tests.NewTest" name="testMercuryToursRegister" time="5.097"/>
  <testcase classname="com.tests.NewTest" name="testMercuryToursLogin" time="4.046"/>
</testsuite> <!-- Default test -->
