<?xml version="1.0" encoding="UTF-8"?>
<!-- Generated by org.testng.reporters.JUnitXMLReporter -->
<testsuite ignored="0" hostname="BDC7-DX-DM2JH92" failures="0" tests="3" name="Test2" time="104.922" errors="0" timestamp="20 May 2018 06:05:37 GMT">
  <testcase classname="com.tests.NewTest" name="testMercuryToursWelcome" time="15.747"/>
  <testcase classname="com.tests.NewTest" name="testMercuryToursRegister" time="14.454"/>
  <testcase classname="com.tests.NewTest" name="testMercuryToursLogin" time="4.013"/>
</testsuite> <!-- Test2 -->
