<?xml version="1.0" encoding="UTF-8"?>
<!-- Generated by org.testng.reporters.JUnitXMLReporter -->
<testsuite ignored="0" hostname="BDC7-DX-DM2JH92" failures="0" tests="3" name="Test1" time="28.82" errors="0" timestamp="20 May 2018 06:03:52 GMT">
  <testcase classname="com.tests.NewTest" name="testMercuryToursWelcome" time="8.481"/>
  <testcase classname="com.tests.NewTest" name="testMercuryToursRegister" time="6.343"/>
  <testcase classname="com.tests.NewTest" name="testMercuryToursLogin" time="5.026"/>
</testsuite> <!-- Test1 -->
